<?xml version="1.0" encoding="UTF-8"?>
<dataset>
    <!-- authorized apps -->
    <authorized_app id="1" app_name="monash doi" authorized_app_id = "4fb08353943adf1f733c528c14293db711a5b03d" />
    <authorized_app id="2" app_name="sychrotron doi" authorized_app_id = "087391e742ee920e4428aa6e4ca548b190138b89" />
    <!-- service -->
    <service id="1" name="mercTest1" unique_id="atest1-01" service_type = "doi" description="this is a  test1 service app description" auto_publish="true" app_id ="1"/>
    <service id="2" name="mercTest2" unique_id="ctest2-01" service_type = "doi" description="this is a description" auto_publish="true"  app_id ="1"/>
    <service id="16" name="test-service_app16" unique_id="test1-16" service_type = "doi" description="this is a description" auto_publish="true"  app_id ="1"/>
    <service id="20" name="dev-serviceapp20" unique_id="dev1-20" service_type = "doi" description="this is a description" auto_publish="true"  app_id ="1"/>


    <collection id="1" name="test-collection1" ref_key="101" description="this is test-collection description" service_id="1"/>
    <collection id="2" name="test-collection2" ref_key="102" description="this is test-collection 102 description" service_id="1"/>
    <collection id="3" name="test-collection3" ref_key="103" description="this is test-collection 103 description" service_id="16"/>
    <collection id="4" name="test-collection4" ref_key="104" description="this is test-collection 104 description" service_id="16"/>
    <collection id="5" name="test-collection5" ref_key="105" description="this is test-collection 105 description" service_id="1"/>
    <collection id="6" name="test-collection6" ref_key="106" description="this is test-collection 106 description" service_id="1"/>
    <collection id="7" name="test-collection7" ref_key="107" description="this is test-collection 107 description" service_id="1"/>
    <collection id="8" name="test-collection8" ref_key="108" description="this is test-collection 108 description" service_id="1"/>
    <collection id="9" name="test-collection9" ref_key="109" description="this is test-collection 109 description" service_id="1"/>
    <collection id="10" name="test-collection10" ref_key="110" description="this is test-collection 110 description" service_id="1"/>
    <collection id="11" name="dev-collection11" ref_key="111" description="this is dev-collection 111 description" service_id="20"/>
    <collection id="12" name="dev-collection12" ref_key="112" description="this is dev-collection 112 description" service_id="20"/>

    <address id="1" postal_address="Building 75, Clayton Campus, Monash University, VIC 3800, Australia" electronic_address_type="URL" electronic_address="http://www.proteomebrowser.org" collection_id="1" />
</dataset>