<?xml version="1.0" encoding="UTF-8"?>
<dataset>
    <party id="1" ref_key="10" identifier="MON23000010" url="http://www.monash.edu.au/eresearch" description="this is a  person party" postal_address="postal address" title="Mr." first_name="test1"
           last_name="dev1" email="test1.dev1@gmail.com" party_type="person"/>
    <party id="2" ref_key="11" identifier="MON23000011" url="http://www.monash.edu.au/eresearch" description="this is a  person party" postal_address="postal address" title="Mr." first_name="test1"
           last_name="dev1" email="test2.dev2@gmail.com" party_type="person"/>
    <party id="3" ref_key="11" identifier="MON23000012" url="http://www.monash.edu.au/eresearch" description="this is a  person party" postal_address="postal address" title="Mr." first_name="test3"
           last_name="dev3" email="test3.dev3@gmail.com" party_type="person"/>
</dataset>